# JRE version: OpenJDK Runtime Environment (8.0_112) (build 1.8.0_112-release-736)
# Java VM: OpenJDK 64-Bit Server VM (25.112-b736 mixed mode windows-amd64 compressed oops)
Heap:
 PSYoungGen      total 450048K, used 235835K [0x00000000e0000000, 0x00000000ff800000, 0x0000000100000000)
  eden space 381440K, 56% used [0x00000000e0000000,0x00000000ed260f28,0x00000000f7480000)
  from space 68608K, 29% used [0x00000000fb500000,0x00000000fc8ee048,0x00000000ff800000)
  to   space 66048K, 0% used [0x00000000f7480000,0x00000000f7480000,0x00000000fb500000)
 ParOldGen       total 373760K, used 213187K [0x00000000a0000000, 0x00000000b6d00000, 0x00000000e0000000)
  object space 373760K, 57% used [0x00000000a0000000,0x00000000ad030c40,0x00000000b6d00000)
 Metaspace       used 138169K, capacity 153448K, committed 170072K, reserved 1198080K
  class space    used 17105K, capacity 19044K, committed 21080K, reserved 1048576K
GC Heap History (10 events):
Event: 20307.442 GC heap before
{Heap before GC invocations=138 (full 8):
 PSYoungGen      total 374272K, used 358400K [0x00000000e0000000, 0x00000000ff600000, 0x0000000100000000)
  eden space 358400K, 100% used [0x00000000e0000000,0x00000000f5e00000,0x00000000f5e00000)
  from space 15872K, 0% used [0x00000000f5e00000,0x00000000f5e00000,0x00000000f6d80000)
  to   space 77824K, 0% used [0x00000000faa00000,0x00000000faa00000,0x00000000ff600000)
 ParOldGen       total 373760K, used 154137K [0x00000000a0000000, 0x00000000b6d00000, 0x00000000e0000000)
  object space 373760K, 41% used [0x00000000a0000000,0x00000000a9686578,0x00000000b6d00000)
 Metaspace       used 135750K, capacity 149932K, committed 170072K, reserved 1198080K
  class space    used 16677K, capacity 18440K, committed 21080K, reserved 1048576K
Event: 20307.465 GC heap after
Heap after GC invocations=138 (full 8):
 PSYoungGen      total 438272K, used 18265K [0x00000000e0000000, 0x0000000100000000, 0x0000000100000000)
  eden space 360448K, 0% used [0x00000000e0000000,0x00000000e0000000,0x00000000f6000000)
  from space 77824K, 23% used [0x00000000faa00000,0x00000000fbbd6630,0x00000000ff600000)
  to   space 75776K, 0% used [0x00000000f6000000,0x00000000f6000000,0x00000000faa00000)
 ParOldGen       total 373760K, used 154145K [0x00000000a0000000, 0x00000000b6d00000, 0x00000000e0000000)
  object space 373760K, 41% used [0x00000000a0000000,0x00000000a9688578,0x00000000b6d00000)
 Metaspace       used 135750K, capacity 149932K, committed 170072K, reserved 1198080K
  class space    used 16677K, capacity 18440K, committed 21080K, reserved 1048576K
}
Event: 20308.741 GC heap before
{Heap before GC invocations=139 (full 8):
 PSYoungGen      total 438272K, used 378713K [0x00000000e0000000, 0x0000000100000000, 0x0000000100000000)
  eden space 360448K, 100% used [0x00000000e0000000,0x00000000f6000000,0x00000000f6000000)
  from space 77824K, 23% used [0x00000000faa00000,0x00000000fbbd6630,0x00000000ff600000)
  to   space 75776K, 0% used [0x00000000f6000000,0x00000000f6000000,0x00000000faa00000)
 ParOldGen       total 373760K, used 181845K [0x00000000a0000000, 0x00000000b6d00000, 0x00000000e0000000)
  object space 373760K, 48% used [0x00000000a0000000,0x00000000ab1954d8,0x00000000b6d00000)
 Metaspace       used 135758K, capacity 149932K, committed 170072K, reserved 1198080K
  class space    used 16677K, capacity 18440K, committed 21080K, reserved 1048576K
Event: 20308.754 GC heap after
Heap after GC invocations=139 (full 8):
 PSYoungGen      total 436224K, used 17942K [0x00000000e0000000, 0x00000000ffa00000, 0x0000000100000000)
  eden space 360448K, 0% used [0x00000000e0000000,0x00000000e0000000,0x00000000f6000000)
  from space 75776K, 23% used [0x00000000f6000000,0x00000000f7185b30,0x00000000faa00000)
  to   space 73728K, 0% used [0x00000000fb200000,0x00000000fb200000,0x00000000ffa00000)
 ParOldGen       total 373760K, used 181845K [0x00000000a0000000, 0x00000000b6d00000, 0x00000000e0000000)
  object space 373760K, 48% used [0x00000000a0000000,0x00000000ab1954d8,0x00000000b6d00000)
 Metaspace       used 135758K, capacity 149932K, committed 170072K, reserved 1198080K
  class space    used 16677K, capacity 18440K, committed 21080K, reserved 1048576K
}
Event: 20504.498 GC heap before
{Heap before GC invocations=140 (full 8):
 PSYoungGen      total 436224K, used 378390K [0x00000000e0000000, 0x00000000ffa00000, 0x0000000100000000)
  eden space 360448K, 100% used [0x00000000e0000000,0x00000000f6000000,0x00000000f6000000)
  from space 75776K, 23% used [0x00000000f6000000,0x00000000f7185b30,0x00000000faa00000)
  to   space 73728K, 0% used [0x00000000fb200000,0x00000000fb200000,0x00000000ffa00000)
 ParOldGen       total 373760K, used 181848K [0x00000000a0000000, 0x00000000b6d00000, 0x00000000e0000000)
  object space 373760K, 48% used [0x00000000a0000000,0x00000000ab196058,0x00000000b6d00000)
 Metaspace       used 136633K, capacity 150900K, committed 170072K, reserved 1198080K
  class space    used 16781K, capacity 18552K, committed 21080K, reserved 1048576K
Event: 20504.522 GC heap after
Heap after GC invocations=140 (full 8):
 PSYoungGen      total 446464K, used 16859K [0x00000000e0000000, 0x00000000ffa00000, 0x0000000100000000)
  eden space 372736K, 0% used [0x00000000e0000000,0x00000000e0000000,0x00000000f6c00000)
  from space 73728K, 22% used [0x00000000fb200000,0x00000000fc276c28,0x00000000ffa00000)
  to   space 71680K, 0% used [0x00000000f6c00000,0x00000000f6c00000,0x00000000fb200000)
 ParOldGen       total 373760K, used 181856K [0x00000000a0000000, 0x00000000b6d00000, 0x00000000e0000000)
  object space 373760K, 48% used [0x00000000a0000000,0x00000000ab198058,0x00000000b6d00000)
 Metaspace       used 136633K, capacity 150900K, committed 170072K, reserved 1198080K
  class space    used 16781K, capacity 18552K, committed 21080K, reserved 1048576K
}
Event: 20506.066 GC heap before
{Heap before GC invocations=141 (full 8):
 PSYoungGen      total 446464K, used 389595K [0x00000000e0000000, 0x00000000ffa00000, 0x0000000100000000)
  eden space 372736K, 100% used [0x00000000e0000000,0x00000000f6c00000,0x00000000f6c00000)
  from space 73728K, 22% used [0x00000000fb200000,0x00000000fc276c28,0x00000000ffa00000)
  to   space 71680K, 0% used [0x00000000f6c00000,0x00000000f6c00000,0x00000000fb200000)
 ParOldGen       total 373760K, used 213179K [0x00000000a0000000, 0x00000000b6d00000, 0x00000000e0000000)
  object space 373760K, 57% used [0x00000000a0000000,0x00000000ad02ec40,0x00000000b6d00000)
 Metaspace       used 136633K, capacity 150900K, committed 170072K, reserved 1198080K
  class space    used 16781K, capacity 18552K, committed 21080K, reserved 1048576K
Event: 20506.086 GC heap after
Heap after GC invocations=141 (full 8):
 PSYoungGen      total 444416K, used 20143K [0x00000000e0000000, 0x00000000ff800000, 0x0000000100000000)
  eden space 372736K, 0% used [0x00000000e0000000,0x00000000e0000000,0x00000000f6c00000)
  from space 71680K, 28% used [0x00000000f6c00000,0x00000000f7fabc08,0x00000000fb200000)
  to   space 68608K, 0% used [0x00000000fb500000,0x00000000fb500000,0x00000000ff800000)
 ParOldGen       total 373760K, used 213179K [0x00000000a0000000, 0x00000000b6d00000, 0x00000000e0000000)
  object space 373760K, 57% used [0x00000000a0000000,0x00000000ad02ec40,0x00000000b6d00000)
 Metaspace       used 136633K, capacity 150900K, committed 170072K, reserved 1198080K
  class space    used 16781K, capacity 18552K, committed 21080K, reserved 1048576K
}
Event: 21286.386 GC heap before
{Heap before GC invocations=142 (full 8):
 PSYoungGen      total 444416K, used 392879K [0x00000000e0000000, 0x00000000ff800000, 0x0000000100000000)
  eden space 372736K, 100% used [0x00000000e0000000,0x00000000f6c00000,0x00000000f6c00000)
  from space 71680K, 28% used [0x00000000f6c00000,0x00000000f7fabc08,0x00000000fb200000)
  to   space 68608K, 0% used [0x00000000fb500000,0x00000000fb500000,0x00000000ff800000)
 ParOldGen       total 373760K, used 213179K [0x00000000a0000000, 0x00000000b6d00000, 0x00000000e0000000)
  object space 373760K, 57% used [0x00000000a0000000,0x00000000ad02ec40,0x00000000b6d00000)
 Metaspace       used 137691K, capacity 152618K, committed 170072K, reserved 1198080K
  class space    used 17026K, capacity 18907K, committed 21080K, reserved 1048576K
Event: 21286.473 GC heap after
Heap after GC invocations=142 (full 8):
 PSYoungGen      total 450048K, used 20408K [0x00000000e0000000, 0x00000000ff800000, 0x0000000100000000)
  eden space 381440K, 0% used [0x00000000e0000000,0x00000000e0000000,0x00000000f7480000)
  from space 68608K, 29% used [0x00000000fb500000,0x00000000fc8ee048,0x00000000ff800000)
  to   space 66048K, 0% used [0x00000000f7480000,0x00000000f7480000,0x00000000fb500000)
 ParOldGen       total 373760K, used 213187K [0x00000000a0000000, 0x00000000b6d00000, 0x00000000e0000000)
  object space 373760K, 57% used [0x00000000a0000000,0x00000000ad030c40,0x00000000b6d00000)
 Metaspace       used 137691K, capacity 152618K, committed 170072K, reserved 1198080K
  class space    used 17026K, capacity 18907K, committed 21080K, reserved 1048576K
}

